[debug] [2024-10-31T08:36:53.010Z] ----------------------------------------------------------------------
[debug] [2024-10-31T08:36:53.013Z] Command:       C:\Program Files\nodejs\node.exe C:\Program Files\nodejs\node_modules\firebase-tools\lib\bin\firebase.js init functions
[debug] [2024-10-31T08:36:53.013Z] CLI Version:   13.22.0
[debug] [2024-10-31T08:36:53.013Z] Platform:      win32
[debug] [2024-10-31T08:36:53.013Z] Node Version:  v20.15.1
[debug] [2024-10-31T08:36:53.013Z] Time:          Thu Oct 31 2024 01:36:53 GMT-0700 (Pacific Daylight Time)
[debug] [2024-10-31T08:36:53.014Z] ----------------------------------------------------------------------
[debug] 
[debug] [2024-10-31T08:36:53.125Z] > command requires scopes: ["email","openid","https://www.googleapis.com/auth/cloudplatformprojects.readonly","https://www.googleapis.com/auth/firebase","https://www.googleapis.com/auth/cloud-platform"]
[debug] [2024-10-31T08:36:53.126Z] > authorizing via signed-in user (nathanxdinhx97@gmail.com)
[info] 
     ######## #### ########  ######## ########     ###     ######  ########
     ##        ##  ##     ## ##       ##     ##  ##   ##  ##       ##
     ######    ##  ########  ######   ########  #########  ######  ######
     ##        ##  ##    ##  ##       ##     ## ##     ##       ## ##
     ##       #### ##     ## ######## ########  ##     ##  ######  ########

You're about to initialize a Firebase project in this directory:

  C:\Users\nghia\Desktop\Learning Web Coding\SuiteSquad\frontend

Before we get started, keep in mind:

  * You are initializing within an existing Firebase project directory

[info] 
=== Project Setup
[info] 
[info] First, let's associate this project directory with a Firebase project.
[info] You can create multiple project aliases by running firebase use --add, 
[info] but for now we'll just set up a default project.
[info] 
[debug] [2024-10-31T08:37:08.622Z] Using project from CLI flag: suitesquad-eabe9
[debug] [2024-10-31T08:37:08.622Z] Checked if tokens are valid: false, expires at: 1730363549564
[debug] [2024-10-31T08:37:08.623Z] Checked if tokens are valid: false, expires at: 1730363549564
[debug] [2024-10-31T08:37:08.623Z] > refreshing access token with scopes: []
[debug] [2024-10-31T08:37:08.624Z] >>> [apiv2][query] POST https://www.googleapis.com/oauth2/v3/token [none]
[debug] [2024-10-31T08:37:08.624Z] >>> [apiv2][body] POST https://www.googleapis.com/oauth2/v3/token [omitted]
[debug] [2024-10-31T08:37:08.819Z] <<< [apiv2][status] POST https://www.googleapis.com/oauth2/v3/token 200
[debug] [2024-10-31T08:37:08.819Z] <<< [apiv2][body] POST https://www.googleapis.com/oauth2/v3/token [omitted]
[debug] [2024-10-31T08:37:08.833Z] >>> [apiv2][query] GET https://firebase.googleapis.com/v1beta1/projects/suitesquad-eabe9 [none]
[debug] [2024-10-31T08:37:09.216Z] <<< [apiv2][status] GET https://firebase.googleapis.com/v1beta1/projects/suitesquad-eabe9 200
[debug] [2024-10-31T08:37:09.217Z] <<< [apiv2][body] GET https://firebase.googleapis.com/v1beta1/projects/suitesquad-eabe9 {"projectId":"suitesquad-eabe9","projectNumber":"170727803034","displayName":"SuiteSquad","name":"projects/suitesquad-eabe9","resources":{"hostingSite":"suitesquad-eabe9"},"state":"ACTIVE","etag":"1_5d241778-9b78-4446-bf10-dbca35923cf0"}
[info] i  Using project suitesquad-eabe9 (SuiteSquad) 
[info] 
=== Functions Setup
[debug] [2024-10-31T08:37:09.220Z] > command requires scopes: ["email","openid","https://www.googleapis.com/auth/cloudplatformprojects.readonly","https://www.googleapis.com/auth/firebase","https://www.googleapis.com/auth/cloud-platform"]
[debug] [2024-10-31T08:37:09.220Z] > authorizing via signed-in user (nathanxdinhx97@gmail.com)
[debug] [2024-10-31T08:37:09.220Z] [iam] checking project suitesquad-eabe9 for permissions ["firebase.projects.get"]
[debug] [2024-10-31T08:37:09.221Z] Checked if tokens are valid: true, expires at: 1730367427819
[debug] [2024-10-31T08:37:09.221Z] Checked if tokens are valid: true, expires at: 1730367427819
[debug] [2024-10-31T08:37:09.221Z] >>> [apiv2][query] POST https://cloudresourcemanager.googleapis.com/v1/projects/suitesquad-eabe9:testIamPermissions [none]
[debug] [2024-10-31T08:37:09.221Z] >>> [apiv2][(partial)header] POST https://cloudresourcemanager.googleapis.com/v1/projects/suitesquad-eabe9:testIamPermissions x-goog-quota-user=projects/suitesquad-eabe9
[debug] [2024-10-31T08:37:09.221Z] >>> [apiv2][body] POST https://cloudresourcemanager.googleapis.com/v1/projects/suitesquad-eabe9:testIamPermissions {"permissions":["firebase.projects.get"]}
[debug] [2024-10-31T08:37:09.387Z] <<< [apiv2][status] POST https://cloudresourcemanager.googleapis.com/v1/projects/suitesquad-eabe9:testIamPermissions 200
[debug] [2024-10-31T08:37:09.387Z] <<< [apiv2][body] POST https://cloudresourcemanager.googleapis.com/v1/projects/suitesquad-eabe9:testIamPermissions {"permissions":["firebase.projects.get"]}
[debug] [2024-10-31T08:37:09.387Z] Checked if tokens are valid: true, expires at: 1730367427819
[debug] [2024-10-31T08:37:09.387Z] Checked if tokens are valid: true, expires at: 1730367427819
[debug] [2024-10-31T08:37:09.387Z] Checked if tokens are valid: true, expires at: 1730367427819
[debug] [2024-10-31T08:37:09.388Z] Checked if tokens are valid: true, expires at: 1730367427819
[debug] [2024-10-31T08:37:09.388Z] >>> [apiv2][query] GET https://serviceusage.googleapis.com/v1/projects/suitesquad-eabe9/services/cloudfunctions.googleapis.com [none]
[debug] [2024-10-31T08:37:09.388Z] >>> [apiv2][(partial)header] GET https://serviceusage.googleapis.com/v1/projects/suitesquad-eabe9/services/cloudfunctions.googleapis.com x-goog-quota-user=projects/suitesquad-eabe9
[debug] [2024-10-31T08:37:09.388Z] >>> [apiv2][query] GET https://serviceusage.googleapis.com/v1/projects/suitesquad-eabe9/services/runtimeconfig.googleapis.com [none]
[debug] [2024-10-31T08:37:09.389Z] >>> [apiv2][(partial)header] GET https://serviceusage.googleapis.com/v1/projects/suitesquad-eabe9/services/runtimeconfig.googleapis.com x-goog-quota-user=projects/suitesquad-eabe9
[debug] [2024-10-31T08:37:09.966Z] <<< [apiv2][status] GET https://serviceusage.googleapis.com/v1/projects/suitesquad-eabe9/services/runtimeconfig.googleapis.com 200
[debug] [2024-10-31T08:37:09.966Z] <<< [apiv2][body] GET https://serviceusage.googleapis.com/v1/projects/suitesquad-eabe9/services/runtimeconfig.googleapis.com [omitted]
[debug] [2024-10-31T08:37:09.969Z] <<< [apiv2][status] GET https://serviceusage.googleapis.com/v1/projects/suitesquad-eabe9/services/cloudfunctions.googleapis.com 200
[debug] [2024-10-31T08:37:09.969Z] <<< [apiv2][body] GET https://serviceusage.googleapis.com/v1/projects/suitesquad-eabe9/services/cloudfunctions.googleapis.com [omitted]
[info] 
Detected existing codebase(s): default, next-firebase-app, firebase-next-app

